2026-01-05 18:27:04:274 [31merror[39m: [31mErro no login: Invalid login credentials[39m
2026-01-06 12:11:13:1113 [31merror[39m: [31mGET /api/clientes/stats/summary - Token inválido ou expirado[39m
2026-01-06 12:11:13:1113 [31merror[39m: [31mGET /api/dashboard/renovacoes - Token inválido ou expirado[39m
2026-01-06 12:11:13:1113 [31merror[39m: [31mGET /api/apolices/stats/summary - Token inválido ou expirado[39m
2026-01-06 12:11:13:1113 [31merror[39m: [31mGET /api/sinistros/stats/summary - Token inválido ou expirado[39m
2026-01-06 12:11:13:1113 [31merror[39m: [31mGET /api/dashboard/atividades - Token inválido ou expirado[39m
2026-01-06 12:11:13:1113 [31merror[39m: [31mGET /api/dashboard/charts - Token inválido ou expirado[39m
2026-01-06 12:11:20:1120 [31merror[39m: [31mGET /api/clientes/stats/summary - Token inválido ou expirado[39m
2026-01-06 12:11:20:1120 [31merror[39m: [31mGET /api/sinistros/stats/summary - Token inválido ou expirado[39m
2026-01-06 12:11:20:1120 [31merror[39m: [31mGET /api/apolices/stats/summary - Token inválido ou expirado[39m
2026-01-06 12:11:20:1120 [31merror[39m: [31mGET /api/dashboard/atividades - Token inválido ou expirado[39m
2026-01-06 12:11:20:1120 [31merror[39m: [31mGET /api/dashboard/renovacoes - Token inválido ou expirado[39m
2026-01-06 12:11:20:1120 [31merror[39m: [31mGET /api/dashboard/charts - Token inválido ou expirado[39m
2026-01-06 12:13:50:1350 [31merror[39m: [31mGET /api/clientes/stats/summary - Token inválido ou expirado[39m
2026-01-06 12:13:50:1350 [31merror[39m: [31mGET /api/apolices/stats/summary - Token inválido ou expirado[39m
2026-01-06 12:13:50:1350 [31merror[39m: [31mGET /api/sinistros/stats/summary - Token inválido ou expirado[39m
2026-01-06 12:13:50:1350 [31merror[39m: [31mGET /api/dashboard/atividades - Token inválido ou expirado[39m
2026-01-06 12:13:50:1350 [31merror[39m: [31mGET /api/dashboard/renovacoes - Token inválido ou expirado[39m
2026-01-06 12:13:50:1350 [31merror[39m: [31mGET /api/dashboard/charts - Token inválido ou expirado[39m
2026-01-06 12:13:57:1357 [31merror[39m: [31mGET /api/clientes/stats/summary - Token inválido ou expirado[39m
2026-01-06 12:13:57:1357 [31merror[39m: [31mGET /api/apolices/stats/summary - Token inválido ou expirado[39m
2026-01-06 12:13:57:1357 [31merror[39m: [31mGET /api/sinistros/stats/summary - Token inválido ou expirado[39m
2026-01-06 12:13:57:1357 [31merror[39m: [31mGET /api/dashboard/atividades - Token inválido ou expirado[39m
2026-01-06 12:13:57:1357 [31merror[39m: [31mGET /api/dashboard/renovacoes - Token inválido ou expirado[39m
2026-01-06 12:13:57:1357 [31merror[39m: [31mGET /api/dashboard/charts - Token inválido ou expirado[39m
2026-01-06 12:18:28:1828 [31merror[39m: [31mGET /api/clientes/stats/summary - Token inválido ou expirado[39m
2026-01-06 12:18:28:1828 [31merror[39m: [31mGET /api/apolices/stats/summary - Token inválido ou expirado[39m
2026-01-06 12:18:28:1828 [31merror[39m: [31mGET /api/sinistros/stats/summary - Token inválido ou expirado[39m
2026-01-06 12:18:28:1828 [31merror[39m: [31mGET /api/dashboard/atividades - Token inválido ou expirado[39m
2026-01-06 12:18:28:1828 [31merror[39m: [31mGET /api/dashboard/renovacoes - Token inválido ou expirado[39m
2026-01-06 12:18:29:1829 [31merror[39m: [31mGET /api/dashboard/charts - Token inválido ou expirado[39m
2026-01-06 22:22:38:2238 [31merror[39m: [31mGET /api/clientes/stats/summary - Token de autenticação não fornecido[39m
2026-01-06 22:22:38:2238 [31merror[39m: [31mGET /api/apolices/stats/summary - Token de autenticação não fornecido[39m
2026-01-06 22:22:38:2238 [31merror[39m: [31mGET /api/sinistros/stats/summary - Token de autenticação não fornecido[39m
2026-01-06 22:22:38:2238 [31merror[39m: [31mGET /api/dashboard/atividades - Token de autenticação não fornecido[39m
2026-01-06 22:22:38:2238 [31merror[39m: [31mGET /api/dashboard/renovacoes - Token de autenticação não fornecido[39m
2026-01-06 22:22:38:2238 [31merror[39m: [31mGET /api/dashboard/charts - Token de autenticação não fornecido[39m
2026-01-06 22:23:38:2338 [31merror[39m: [31mGET /api/apolices - column clientes_1.cpf_cnpj does not exist[39m
2026-01-06 22:23:44:2344 [31merror[39m: [31mGET /api/apolices - column clientes_1.cpf_cnpj does not exist[39m
2026-01-06 22:23:45:2345 [31merror[39m: [31mGET /api/sinistros - column clientes_1.cpf_cnpj does not exist[39m
2026-01-06 22:23:45:2345 [31merror[39m: [31mGET /api/apolices - column clientes_1.cpf_cnpj does not exist[39m
2026-01-06 22:23:47:2347 [31merror[39m: [31mErro ao buscar conversas: Could not find the table 'public.whatsapp_conversas' in the schema cache[39m
2026-01-06 22:23:47:2347 [31merror[39m: [31mErro ao buscar templates: Could not find the table 'public.whatsapp_templates' in the schema cache[39m
2026-01-06 22:23:48:2348 [31merror[39m: [31mErro ao buscar conversas: Could not find the table 'public.whatsapp_conversas' in the schema cache[39m
2026-01-06 22:23:48:2348 [31merror[39m: [31mErro ao buscar templates: Could not find the table 'public.whatsapp_templates' in the schema cache[39m
2026-01-06 22:23:51:2351 [31merror[39m: [31mGET /api/financeiro/comissoes - column apolices_1.numero_apolice does not exist[39m
2026-01-06 22:23:51:2351 [31merror[39m: [31mGET /api/apolices - column clientes_1.cpf_cnpj does not exist[39m
2026-01-06 22:23:52:2352 [31merror[39m: [31mGET /api/financeiro/comissoes - column apolices_1.numero_apolice does not exist[39m
2026-01-06 22:23:52:2352 [31merror[39m: [31mGET /api/apolices - column clientes_1.cpf_cnpj does not exist[39m
2026-01-06 22:24:00:240 [31merror[39m: [31mGET /api/apolices - column clientes_1.cpf_cnpj does not exist[39m
2026-01-06 22:24:00:240 [31merror[39m: [31mGET /api/agenda/tarefas - column apolices_1.numero_apolice does not exist[39m
2026-01-06 22:24:02:242 [31merror[39m: [31mGET /api/apolices - column clientes_1.cpf_cnpj does not exist[39m
2026-01-06 22:24:02:242 [31merror[39m: [31mGET /api/agenda/tarefas - column apolices_1.numero_apolice does not exist[39m
2026-01-06 22:24:02:242 [31merror[39m: [31mErro ao buscar histórico: Could not find the table 'public.importacoes_historico' in the schema cache[39m
2026-01-06 22:24:03:243 [31merror[39m: [31mErro ao buscar histórico: Could not find the table 'public.importacoes_historico' in the schema cache[39m
2026-01-06 22:38:29:3829 [31merror[39m: [31mGET /api/consorcios - Could not find the table 'public.consorcios' in the schema cache[39m
2026-01-06 22:38:30:3830 [31merror[39m: [31mGET /api/consorcios - Could not find the table 'public.consorcios' in the schema cache[39m
2026-01-06 22:39:06:396 [31merror[39m: [31mGET /api/consorcios - Could not find the table 'public.consorcios' in the schema cache[39m
2026-01-06 22:39:07:397 [31merror[39m: [31mGET /api/consorcios - Could not find the table 'public.consorcios' in the schema cache[39m
2026-01-06 22:41:01:411 [31merror[39m: [31mGET /api/consorcios - Could not find the table 'public.consorcios' in the schema cache[39m
2026-01-06 22:41:02:412 [31merror[39m: [31mGET /api/consorcios - Could not find the table 'public.consorcios' in the schema cache[39m
2026-01-06 22:41:03:413 [31merror[39m: [31mGET /api/financiamentos - Could not find the table 'public.financiamentos' in the schema cache[39m
2026-01-06 22:41:04:414 [31merror[39m: [31mGET /api/financiamentos - Could not find the table 'public.financiamentos' in the schema cache[39m
2026-01-06 22:41:27:4127 [31merror[39m: [31mGET /api/apolices - column clientes_1.cpf_cnpj does not exist[39m
2026-01-06 22:41:27:4127 [31merror[39m: [31mGET /api/sinistros - column clientes_1.cpf_cnpj does not exist[39m
2026-01-06 22:41:28:4128 [31merror[39m: [31mGET /api/sinistros - column clientes_1.cpf_cnpj does not exist[39m
2026-01-06 22:41:28:4128 [31merror[39m: [31mGET /api/apolices - column clientes_1.cpf_cnpj does not exist[39m
2026-01-06 22:43:16:4316 [31merror[39m: [31mGET /api/cotacoes - column clientes_1.cpf_cnpj does not exist[39m
2026-01-06 22:43:16:4316 [31merror[39m: [31mGET /api/propostas - invalid input value for enum proposal_status: "all"[39m
2026-01-06 22:43:17:4317 [31merror[39m: [31mGET /api/cotacoes - column clientes_1.cpf_cnpj does not exist[39m
2026-01-06 22:43:17:4317 [31merror[39m: [31mGET /api/propostas - invalid input value for enum proposal_status: "all"[39m
2026-01-06 22:43:22:4322 [31merror[39m: [31mErro ao buscar templates: Could not find the table 'public.whatsapp_templates' in the schema cache[39m
2026-01-06 22:43:22:4322 [31merror[39m: [31mErro ao buscar conversas: Could not find the table 'public.whatsapp_conversas' in the schema cache[39m
2026-01-06 22:43:23:4323 [31merror[39m: [31mErro ao buscar templates: Could not find the table 'public.whatsapp_templates' in the schema cache[39m
2026-01-06 22:43:23:4323 [31merror[39m: [31mErro ao buscar conversas: Could not find the table 'public.whatsapp_conversas' in the schema cache[39m
2026-01-06 22:43:25:4325 [31merror[39m: [31mErro ao buscar conversas: Could not find the table 'public.whatsapp_conversas' in the schema cache[39m
2026-01-06 22:43:25:4325 [31merror[39m: [31mErro ao buscar conversas: Could not find the table 'public.whatsapp_conversas' in the schema cache[39m
2026-01-06 22:43:26:4326 [31merror[39m: [31mErro ao buscar conversas: Could not find the table 'public.whatsapp_conversas' in the schema cache[39m
2026-01-06 22:43:26:4326 [31merror[39m: [31mErro ao buscar conversas: Could not find the table 'public.whatsapp_conversas' in the schema cache[39m
2026-01-06 22:43:28:4328 [31merror[39m: [31mErro ao buscar conversas: Could not find the table 'public.whatsapp_conversas' in the schema cache[39m
2026-01-06 22:43:38:4338 [31merror[39m: [31mGET /api/apolices - column clientes_1.cpf_cnpj does not exist[39m
2026-01-06 22:43:38:4338 [31merror[39m: [31mGET /api/agenda/tarefas - column apolices_1.numero_apolice does not exist[39m
2026-01-06 22:43:39:4339 [31merror[39m: [31mGET /api/apolices - column clientes_1.cpf_cnpj does not exist[39m
2026-01-06 22:43:39:4339 [31merror[39m: [31mGET /api/agenda/tarefas - column apolices_1.numero_apolice does not exist[39m
2026-01-07 08:57:02:572 [31merror[39m: [31mErro ao buscar comissoes pendentes: Could not find a relationship between 'comissoes' and 'clientes' in the schema cache[39m
2026-01-07 08:57:02:572 [31merror[39m: [31mErro ao buscar parcelas de consorcio: Could not find the table 'public.consorcio_parcelas' in the schema cache[39m
2026-01-07 08:57:02:572 [31merror[39m: [31mErro ao buscar parcelas de financiamento: Could not find the table 'public.financiamento_parcelas' in the schema cache[39m
2026-01-07 08:57:02:572 [31merror[39m: [31mErro ao buscar apolices para renovacao: column apolices.usuario_id does not exist[39m
2026-01-07 08:57:02:572 [31merror[39m: [31mErro ao buscar clientes para aniversario: column clientes.usuario_id does not exist[39m
2026-01-07 08:57:02:572 [31merror[39m: [31mErro ao buscar sinistros pendentes: column apolices_1.numero_apolice does not exist[39m
2026-01-07 08:59:48:5948 [31merror[39m: [31mErro ao buscar comissoes pendentes: Could not find a relationship between 'comissoes' and 'clientes' in the schema cache[39m
2026-01-07 08:59:48:5948 [31merror[39m: [31mErro ao buscar parcelas de consorcio: Could not find the table 'public.consorcio_parcelas' in the schema cache[39m
2026-01-07 08:59:48:5948 [31merror[39m: [31mErro ao buscar sinistros pendentes: column apolices_1.numero_apolice does not exist[39m
2026-01-07 08:59:48:5948 [31merror[39m: [31mErro ao buscar apolices para renovacao: column apolices.usuario_id does not exist[39m
2026-01-07 08:59:48:5948 [31merror[39m: [31mErro ao buscar parcelas de financiamento: Could not find the table 'public.financiamento_parcelas' in the schema cache[39m
2026-01-07 08:59:48:5948 [31merror[39m: [31mErro ao buscar clientes para aniversario: column clientes.usuario_id does not exist[39m
2026-01-07 09:06:10:610 [31merror[39m: [31mErro ao buscar parcelas de financiamento: Could not find the table 'public.financiamento_parcelas' in the schema cache[39m
2026-01-07 09:06:10:610 [31merror[39m: [31mErro ao buscar comissoes pendentes: Could not find a relationship between 'comissoes' and 'clientes' in the schema cache[39m
2026-01-07 09:06:10:610 [31merror[39m: [31mErro ao buscar parcelas de consorcio: Could not find the table 'public.consorcio_parcelas' in the schema cache[39m
2026-01-07 09:06:10:610 [31merror[39m: [31mErro ao buscar sinistros pendentes: column apolices_1.numero_apolice does not exist[39m
2026-01-07 09:06:10:610 [31merror[39m: [31mErro ao buscar apolices para renovacao: column apolices.usuario_id does not exist[39m
2026-01-07 09:06:10:610 [31merror[39m: [31mErro ao buscar clientes para aniversario: column clientes.usuario_id does not exist[39m
2026-01-07 09:11:02:112 [31merror[39m: [31mErro ao buscar apolices para renovacao: column apolices.usuario_id does not exist[39m
2026-01-07 09:11:02:112 [31merror[39m: [31mErro ao buscar sinistros pendentes: column apolices_1.numero_apolice does not exist[39m
2026-01-07 09:11:02:112 [31merror[39m: [31mErro ao buscar clientes para aniversario: column clientes.usuario_id does not exist[39m
2026-01-07 09:11:02:112 [31merror[39m: [31mErro ao buscar comissoes pendentes: column apolices_1.numero_apolice does not exist[39m
2026-01-07 09:11:02:112 [31merror[39m: [31mErro ao buscar parcelas de consorcio: Could not find the table 'public.consorcio_parcelas' in the schema cache[39m
2026-01-07 09:11:03:113 [31merror[39m: [31mErro ao buscar parcelas de financiamento: Could not find the table 'public.financiamento_parcelas' in the schema cache[39m
2026-01-07 09:11:25:1125 [31merror[39m: [31mErro ao buscar clientes para aniversario: column clientes.usuario_id does not exist[39m
2026-01-07 09:11:25:1125 [31merror[39m: [31mErro ao buscar sinistros pendentes: column clientes_1.usuario_id does not exist[39m
2026-01-07 09:11:25:1125 [31merror[39m: [31mErro ao buscar apolices para renovacao: column apolices.usuario_id does not exist[39m
2026-01-07 09:11:25:1125 [31merror[39m: [31mErro ao buscar parcelas de consorcio: Could not find the table 'public.consorcio_parcelas' in the schema cache[39m
2026-01-07 09:11:25:1125 [31merror[39m: [31mErro ao buscar parcelas de financiamento: Could not find the table 'public.financiamento_parcelas' in the schema cache[39m
2026-01-07 09:11:25:1125 [31merror[39m: [31mErro ao buscar comissoes pendentes: column apolices_1.numero_apolice does not exist[39m
2026-01-07 09:11:49:1149 [31merror[39m: [31mErro ao buscar sinistros pendentes: column clientes_1.usuario_id does not exist[39m
2026-01-07 09:11:49:1149 [31merror[39m: [31mErro ao buscar parcelas de consorcio: Could not find the table 'public.consorcio_parcelas' in the schema cache[39m
2026-01-07 09:11:49:1149 [31merror[39m: [31mErro ao buscar parcelas de financiamento: Could not find the table 'public.financiamento_parcelas' in the schema cache[39m
2026-01-07 09:11:49:1149 [31merror[39m: [31mErro ao buscar clientes para aniversario: column clientes.usuario_id does not exist[39m
2026-01-07 09:11:49:1149 [31merror[39m: [31mErro ao buscar comissoes pendentes: column apolices_1.numero_apolice does not exist[39m
2026-01-07 09:11:49:1149 [31merror[39m: [31mErro ao buscar apolices para renovacao: column clientes_1.usuario_id does not exist[39m
2026-01-07 09:12:11:1211 [31merror[39m: [31mErro ao buscar apolices para renovacao: column clientes_1.usuario_id does not exist[39m
2026-01-07 09:12:11:1211 [31merror[39m: [31mErro ao buscar comissoes pendentes: column apolices_1.numero_apolice does not exist[39m
2026-01-07 09:12:11:1211 [31merror[39m: [31mErro ao buscar sinistros pendentes: column clientes_1.usuario_id does not exist[39m
2026-01-07 09:12:11:1211 [31merror[39m: [31mErro ao buscar parcelas de consorcio: Could not find the table 'public.consorcio_parcelas' in the schema cache[39m
2026-01-07 09:12:11:1211 [31merror[39m: [31mErro ao buscar parcelas de financiamento: Could not find the table 'public.financiamento_parcelas' in the schema cache[39m
2026-01-07 09:12:32:1232 [31merror[39m: [31mErro ao buscar comissoes pendentes: column clientes_2.usuario_id does not exist[39m
2026-01-07 09:12:32:1232 [31merror[39m: [31mErro ao buscar parcelas de consorcio: Could not find the table 'public.consorcio_parcelas' in the schema cache[39m
2026-01-07 09:12:32:1232 [31merror[39m: [31mErro ao buscar parcelas de financiamento: Could not find the table 'public.financiamento_parcelas' in the schema cache[39m
2026-01-07 09:12:32:1232 [31merror[39m: [31mErro ao buscar apolices para renovacao: column clientes_1.usuario_id does not exist[39m
2026-01-07 09:12:32:1232 [31merror[39m: [31mErro ao buscar sinistros pendentes: column clientes_1.usuario_id does not exist[39m
2026-01-07 09:12:45:1245 [31merror[39m: [31mErro ao buscar sinistros pendentes: column clientes_1.usuario_id does not exist[39m
2026-01-07 09:12:45:1245 [31merror[39m: [31mErro ao buscar apolices para renovacao: column clientes_1.usuario_id does not exist[39m
2026-01-07 09:12:45:1245 [31merror[39m: [31mErro ao buscar parcelas de consorcio: Could not find the table 'public.consorcio_parcelas' in the schema cache[39m
2026-01-07 09:12:45:1245 [31merror[39m: [31mErro ao buscar comissoes pendentes: column clientes_2.usuario_id does not exist[39m
2026-01-07 09:12:45:1245 [31merror[39m: [31mErro ao buscar parcelas de financiamento: Could not find the table 'public.financiamento_parcelas' in the schema cache[39m
2026-01-07 09:12:58:1258 [31merror[39m: [31mErro ao buscar comissoes pendentes: column clientes_2.usuario_id does not exist[39m
2026-01-07 09:12:58:1258 [31merror[39m: [31mErro ao buscar parcelas de financiamento: Could not find the table 'public.financiamento_parcelas' in the schema cache[39m
2026-01-07 09:12:58:1258 [31merror[39m: [31mErro ao buscar apolices para renovacao: column clientes_1.usuario_id does not exist[39m
2026-01-07 09:12:58:1258 [31merror[39m: [31mErro ao buscar sinistros pendentes: column clientes_1.usuario_id does not exist[39m
2026-01-07 09:12:59:1259 [31merror[39m: [31mErro ao buscar parcelas de consorcio: Could not find the table 'public.consorcio_parcelas' in the schema cache[39m
2026-01-07 09:39:55:3955 [31merror[39m: [31mGET /api/dashboard/renovacoes - Token inválido ou expirado[39m
2026-01-07 09:39:55:3955 [31merror[39m: [31mGET /api/apolices/stats/summary - Token inválido ou expirado[39m
2026-01-07 09:39:55:3955 [31merror[39m: [31mGET /api/sinistros/stats/summary - Token inválido ou expirado[39m
2026-01-07 09:39:55:3955 [31merror[39m: [31mGET /api/clientes/stats/summary - Token inválido ou expirado[39m
2026-01-07 09:39:55:3955 [31merror[39m: [31mGET /api/dashboard/foco-do-dia - Token inválido ou expirado[39m
2026-01-07 09:39:55:3955 [31merror[39m: [31mGET /api/dashboard/atividades - Token inválido ou expirado[39m
2026-01-07 09:39:55:3955 [31merror[39m: [31mGET /api/dashboard/pipeline-vendas - Token inválido ou expirado[39m
2026-01-07 09:39:55:3955 [31merror[39m: [31mGET /api/dashboard/metricas-conversao - Token inválido ou expirado[39m
2026-01-07 09:39:55:3955 [31merror[39m: [31mGET /api/financeiro/dashboard - Token inválido ou expirado[39m
2026-01-07 09:39:55:3955 [31merror[39m: [31mGET /api/dashboard/charts - Token inválido ou expirado[39m
2026-01-07 09:40:02:402 [31merror[39m: [31mGET /api/cotacoes - column cotacoes.updated_at does not exist[39m
2026-01-07 09:40:03:403 [31merror[39m: [31mGET /api/cotacoes - column cotacoes.updated_at does not exist[39m
2026-01-07 09:40:13:4013 [31merror[39m: [31mGET /api/cotacoes - column cotacoes.updated_at does not exist[39m
2026-01-07 09:40:14:4014 [31merror[39m: [31mGET /api/cotacoes - column cotacoes.updated_at does not exist[39m
2026-01-07 09:40:19:4019 [31merror[39m: [31mGET /api/cotacoes - column cotacoes.updated_at does not exist[39m
2026-01-07 09:40:52:4052 [31merror[39m: [31mGET /api/cotacoes - column cotacoes.updated_at does not exist[39m
2026-01-07 09:41:40:4140 [31merror[39m: [31mGET /api/cotacoes - column cotacoes.updated_at does not exist[39m
2026-01-07 09:41:41:4141 [31merror[39m: [31mGET /api/cotacoes - column cotacoes.updated_at does not exist[39m
2026-01-07 09:42:34:4234 [31merror[39m: [31mGET /api/cotacoes - column cotacoes.updated_at does not exist[39m
2026-01-07 09:42:35:4235 [31merror[39m: [31mErro ao buscar conversas: column whatsapp_conversas.ultima_mensagem_data does not exist[39m
2026-01-07 09:42:36:4236 [31merror[39m: [31mErro ao buscar conversas: column whatsapp_conversas.ultima_mensagem_data does not exist[39m
2026-01-07 09:42:45:4245 [31merror[39m: [31mErro ao buscar alertas: invalid input syntax for type uuid: "undefined"[39m
2026-01-07 09:42:45:4245 [31merror[39m: [31mErro ao buscar alertas: invalid input syntax for type uuid: "undefined"[39m
2026-01-07 09:42:45:4245 [31merror[39m: [31mGET /api/alertas - invalid input syntax for type uuid: "undefined"[39m
2026-01-07 09:42:57:4257 [31merror[39m: [31mErro ao buscar conversas: column whatsapp_conversas.ultima_mensagem_data does not exist[39m
2026-01-07 09:42:59:4259 [31merror[39m: [31mErro ao buscar alertas: invalid input syntax for type uuid: "undefined"[39m
2026-01-07 09:42:59:4259 [31merror[39m: [31mGET /api/alertas - invalid input syntax for type uuid: "undefined"[39m
2026-01-07 09:43:00:430 [31merror[39m: [31mErro ao buscar alertas: invalid input syntax for type uuid: "undefined"[39m
2026-01-07 09:43:01:431 [31merror[39m: [31mErro ao buscar alertas: invalid input syntax for type uuid: "undefined"[39m
2026-01-07 09:43:01:431 [31merror[39m: [31mGET /api/alertas - invalid input syntax for type uuid: "undefined"[39m
2026-01-07 09:43:01:431 [31merror[39m: [31mGET /api/agenda/calendario - column cotacoes.numero_cotacao does not exist[39m
2026-01-07 09:43:02:432 [31merror[39m: [31mGET /api/agenda/calendario - column cotacoes.numero_cotacao does not exist[39m
2026-01-07 09:43:09:439 [31merror[39m: [31mErro ao buscar histórico: invalid input syntax for type uuid: "undefined"[39m
2026-01-07 09:47:48:4748 [31merror[39m: [31mGET /api/cotacoes - column cotacoes.updated_at does not exist[39m
2026-01-07 09:47:49:4749 [31merror[39m: [31mGET /api/cotacoes - column cotacoes.updated_at does not exist[39m
2026-01-07 09:51:30:5130 [31merror[39m: [31mGET /api/cotacoes - column cotacoes.updated_at does not exist[39m
2026-01-07 09:51:32:5132 [31merror[39m: [31mGET /api/cotacoes - column cotacoes.updated_at does not exist[39m
2026-01-07 09:51:47:5147 [31merror[39m: [31mGET /api/cotacoes - column cotacoes.updated_at does not exist[39m
2026-01-07 09:51:49:5149 [31merror[39m: [31mGET /api/cotacoes - column cotacoes.updated_at does not exist[39m
2026-01-07 09:52:37:5237 [31merror[39m: [31mGET /api/cotacoes - column cotacoes.updated_at does not exist[39m
2026-01-07 09:52:39:5239 [31merror[39m: [31mGET /api/cotacoes - column cotacoes.updated_at does not exist[39m
2026-01-07 09:53:56:5356 [31merror[39m: [31mGET /api/cotacoes - column cotacoes.updated_at does not exist[39m
2026-01-07 09:55:31:5531 [31merror[39m: [31mGET /api/cotacoes - column cotacoes.updated_at does not exist[39m
2026-01-07 11:18:04:184 [31merror[39m: [31mErro no login: Invalid login credentials[39m
